<?xml version="1.0" encoding="UTF-8"?>
<testng-results ignored="0" total="2" passed="2" failed="0" skipped="0">
  <reporter-output>
  </reporter-output>
  <suite started-at="2024-01-31T07:53:59 MST" name="Default suite" finished-at="2024-01-31T07:54:24 MST" duration-ms="24824">
    <groups>
      <group name="cucumber">
        <method signature="AbstractTestNGCucumberTests.runScenario(io.cucumber.testng.PickleWrapper,io.cucumber.testng.FeatureWrapper)[pri:0, instance:runner.RunTestNGTest@31190526]" name="runScenario" class="io.cucumber.testng.AbstractTestNGCucumberTests"/>
      </group> <!-- cucumber -->
    </groups>
    <test started-at="2024-01-31T07:53:59 MST" name="Default test" finished-at="2024-01-31T07:54:24 MST" duration-ms="24824">
      <class name="runner.RunTestNGTest">
        <test-method is-config="true" signature="setUpClass(org.testng.ITestContext)[pri:0, instance:runner.RunTestNGTest@31190526]" started-at="2024-01-31T07:53:59 MST" name="setUpClass" finished-at="2024-01-31T07:54:00 MST" duration-ms="805" status="PASS">
          <params>
            <param index="0">
              <value>
                <![CDATA[org.testng.TestRunner@36cc9385]]>
              </value>
            </param>
          </params>
          <reporter-output>
          </reporter-output>
        </test-method> <!-- setUpClass -->
        <test-method signature="runScenario(io.cucumber.testng.PickleWrapper,io.cucumber.testng.FeatureWrapper)[pri:0, instance:runner.RunTestNGTest@31190526]" started-at="2024-01-31T07:54:00 MST" name="runScenario" description="Runs Cucumber Scenarios" data-provider="scenarios" finished-at="2024-01-31T07:54:07 MST" duration-ms="7552" status="PASS">
          <params>
            <param index="0">
              <value>
                <![CDATA["Login to Opencart application with invalid testdata"]]>
              </value>
            </param>
            <param index="1">
              <value>
                <![CDATA["Open cart application Signin feature"]]>
              </value>
            </param>
          </params>
          <reporter-output>
          </reporter-output>
        </test-method> <!-- runScenario -->
        <test-method signature="runScenario(io.cucumber.testng.PickleWrapper,io.cucumber.testng.FeatureWrapper)[pri:0, instance:runner.RunTestNGTest@31190526]" started-at="2024-01-31T07:54:07 MST" name="runScenario" description="Runs Cucumber Scenarios" data-provider="scenarios" finished-at="2024-01-31T07:54:24 MST" duration-ms="16382" status="PASS">
          <params>
            <param index="0">
              <value>
                <![CDATA["Login to Opencart application with valid testdata"]]>
              </value>
            </param>
            <param index="1">
              <value>
                <![CDATA["Open cart application Signin feature"]]>
              </value>
            </param>
          </params>
          <reporter-output>
          </reporter-output>
        </test-method> <!-- runScenario -->
        <test-method is-config="true" signature="tearDownClass()[pri:0, instance:runner.RunTestNGTest@31190526]" started-at="2024-01-31T07:54:24 MST" name="tearDownClass" finished-at="2024-01-31T07:54:24 MST" duration-ms="27" status="PASS">
          <reporter-output>
          </reporter-output>
        </test-method> <!-- tearDownClass -->
      </class> <!-- runner.RunTestNGTest -->
    </test> <!-- Default test -->
  </suite> <!-- Default suite -->
</testng-results>
