<?xml version="1.0" encoding="UTF-8"?>
<testng-results ignored="0" total="1" passed="1" failed="0" skipped="0">
  <reporter-output>
  </reporter-output>
  <suite started-at="2024-02-02T09:53:02 EST" name="Default suite" finished-at="2024-02-02T09:53:12 EST" duration-ms="9895">
    <groups>
      <group name="cucumber">
        <method signature="AbstractTestNGCucumberTests.runScenario(io.cucumber.testng.PickleWrapper,io.cucumber.testng.FeatureWrapper)[pri:0, instance:runner.RunTestNGTest@1165b38]" name="runScenario" class="io.cucumber.testng.AbstractTestNGCucumberTests"/>
      </group> <!-- cucumber -->
    </groups>
    <test started-at="2024-02-02T09:53:02 EST" name="Default test" finished-at="2024-02-02T09:53:12 EST" duration-ms="9895">
      <class name="runner.RunTestNGTest">
        <test-method is-config="true" signature="setUpClass(org.testng.ITestContext)[pri:0, instance:runner.RunTestNGTest@1165b38]" started-at="2024-02-02T09:53:02 EST" name="setUpClass" finished-at="2024-02-02T09:53:04 EST" duration-ms="1179" status="PASS">
          <params>
            <param index="0">
              <value>
                <![CDATA[org.testng.TestRunner@134c370e]]>
              </value>
            </param>
          </params>
          <reporter-output>
          </reporter-output>
        </test-method> <!-- setUpClass -->
        <test-method signature="runScenario(io.cucumber.testng.PickleWrapper,io.cucumber.testng.FeatureWrapper)[pri:0, instance:runner.RunTestNGTest@1165b38]" started-at="2024-02-02T09:53:04 EST" name="runScenario" description="Runs Cucumber Scenarios" data-provider="scenarios" finished-at="2024-02-02T09:53:12 EST" duration-ms="8540" status="PASS">
          <params>
            <param index="0">
              <value>
                <![CDATA["Check Seach funcationality in opencart application"]]>
              </value>
            </param>
            <param index="1">
              <value>
                <![CDATA["Open cart application Search feature"]]>
              </value>
            </param>
          </params>
          <reporter-output>
          </reporter-output>
        </test-method> <!-- runScenario -->
        <test-method is-config="true" signature="tearDownClass()[pri:0, instance:runner.RunTestNGTest@1165b38]" started-at="2024-02-02T09:53:12 EST" name="tearDownClass" finished-at="2024-02-02T09:53:12 EST" duration-ms="51" status="PASS">
          <reporter-output>
          </reporter-output>
        </test-method> <!-- tearDownClass -->
      </class> <!-- runner.RunTestNGTest -->
    </test> <!-- Default test -->
  </suite> <!-- Default suite -->
</testng-results>
